<?xml version="1.0" encoding="UTF-8"?>
<!-- Generated by org.testng.reporters.JUnitReportReporter -->
<testsuite hostname="User-THINK" name="com.hello.seleniumtests.SeleniumTest" tests="1" failures="0" timestamp="5 Aug 2015 05:12:45 GMT" time="2.013" errors="0">
  <testcase name="seleniumTest" time="2.013" classname="com.hello.seleniumtests.SeleniumTest"/>
</testsuite> <!-- com.hello.seleniumtests.SeleniumTest -->
